<?xml version="1.0" encoding="UTF-8"?>
<!-- Generated by org.testng.reporters.JUnitReportReporter -->
<testsuite hostname="DESKTOP-LBD5C48" failures="0" tests="1" name="testCase.HomePageTest" time="41.191" errors="0" timestamp="2022-06-18T17:56:04 IST" skipped="0">
  <testcase classname="testCase.HomePageTest" name="purchasemobile" time="41.191"/>
  <system-out/>
</testsuite> <!-- testCase.HomePageTest -->
