<?xml version="1.0" encoding="UTF-8"?>
<!-- Generated by org.testng.reporters.JUnitReportReporter -->
<testsuite hostname="DESKTOP-LBD5C48" failures="0" tests="1" name="pageObjects.Log" time="0.613" errors="0" timestamp="2022-06-16T22:54:37 IST" skipped="0">
  <testcase classname="pageObjects.Log" name="login" time="0.613"/>
  <system-out/>
</testsuite> <!-- pageObjects.Log -->
